<?xml version="1.0" encoding="UTF-8"?>
<testsuite name="Spek" tests="13" skipped="0" failures="0" errors="0" time="0.016" hostname="DESKTOP-C5O5TKR" timestamp="2018-03-11T22:07:52">
<properties>
<property name="awt.toolkit" value="sun.awt.windows.WToolkit"/>
<property name="file.encoding" value="windows-1252"/>
<property name="file.encoding.pkg" value="sun.io"/>
<property name="file.separator" value="\"/>
<property name="java.awt.graphicsenv" value="sun.awt.Win32GraphicsEnvironment"/>
<property name="java.awt.printerjob" value="sun.awt.windows.WPrinterJob"/>
<property name="java.class.path" value="C:\Users\sonic\row_reducer\build\classes\java\test;C:\Users\sonic\row_reducer\build\classes\kotlin\test;C:\Users\sonic\row_reducer\build\resources\test;C:\Users\sonic\row_reducer\build\classes\java\main;C:\Users\sonic\row_reducer\build\classes\kotlin\main;C:\Users\sonic\row_reducer\build\resources\main;C:\Users\sonic\.gradle\caches\modules-2\files-2.1\org.jetbrains.kotlin\kotlin-stdlib-jdk8\1.2.30\f916048adc012c9342b796a5f84c0ac6205abcac\kotlin-stdlib-jdk8-1.2.30.jar;C:\Users\sonic\.gradle\caches\modules-2\files-2.1\org.jetbrains.spek\spek-junit-platform-engine\1.1.5\84bbc6c2b61230b5921458b87332672d08fdc1e3\spek-junit-platform-engine-1.1.5.jar;C:\Users\sonic\.gradle\caches\modules-2\files-2.1\org.jetbrains.spek\spek-api\1.1.5\bc19a88a54bb18edc9dd64d79b42f32b3215f1ca\spek-api-1.1.5.jar;C:\Users\sonic\.gradle\caches\modules-2\files-2.1\org.jetbrains.kotlin\kotlin-reflect\1.2.30\9758025a415ee400e1f90ff222bcfec247779133\kotlin-reflect-1.2.30.jar;C:\Users\sonic\.gradle\caches\modules-2\files-2.1\org.jetbrains.kotlin\kotlin-test\1.2.30\2bb6ea8d314aa0c96bf62838a2b11c79240e09a9\kotlin-test-1.2.30.jar;C:\Users\sonic\.gradle\caches\modules-2\files-2.1\org.jetbrains.kotlin\kotlin-stdlib-jdk7\1.2.30\ca12c47fc1e3a7316067b2a51e2f214745ebf8c5\kotlin-stdlib-jdk7-1.2.30.jar;C:\Users\sonic\.gradle\caches\modules-2\files-2.1\org.jetbrains.kotlin\kotlin-stdlib\1.2.30\2dfac33f8b4e92c9dd1422cd286834701a6f6d6\kotlin-stdlib-1.2.30.jar;C:\Users\sonic\.gradle\caches\modules-2\files-2.1\org.jetbrains\annotations\13.0\919f0dfe192fb4e063e7dacadee7f8bb9a2672a9\annotations-13.0.jar;C:\Users\sonic\.gradle\caches\modules-2\files-2.1\org.junit.platform\junit-platform-console\1.0.0\2931079616796bc4537f7e3c236f8fdfe7e51237\junit-platform-console-1.0.0.jar;C:\Users\sonic\.gradle\caches\modules-2\files-2.1\org.junit.platform\junit-platform-launcher\1.0.0\5602a195a442636276efefce2a4c7b418cd67e5c\junit-platform-launcher-1.0.0.jar;C:\Users\sonic\.gradle\caches\modules-2\files-2.1\org.junit.platform\junit-platform-engine\1.0.0\fdc6f63a689b894529ea5e9e218b65422748fd\junit-platform-engine-1.0.0.jar;C:\Users\sonic\.gradle\caches\modules-2\files-2.1\org.junit.platform\junit-platform-commons\1.0.0\d2e03d9b21020746d48fe45834ff7d71fbcbd7b2\junit-platform-commons-1.0.0.jar;C:\Users\sonic\.gradle\caches\modules-2\files-2.1\org.apiguardian\apiguardian-api\1.0.0\3ef5276905e36f4d8055fe3cb0bdcc7503ffc85d\apiguardian-api-1.0.0.jar;C:\Users\sonic\.gradle\caches\modules-2\files-2.1\org.opentest4j\opentest4j\1.0.0\6f09c598e9ff64bf0ce2fa7e7de49a99ba83c0b4\opentest4j-1.0.0.jar"/>
<property name="java.class.version" value="52.0"/>
<property name="java.endorsed.dirs" value="C:\Program Files\Java\jdk1.8.0_161\jre\lib\endorsed"/>
<property name="java.ext.dirs" value="C:\Program Files\Java\jdk1.8.0_161\jre\lib\ext;C:\WINDOWS\Sun\Java\lib\ext"/>
<property name="java.home" value="C:\Program Files\Java\jdk1.8.0_161\jre"/>
<property name="java.io.tmpdir" value="C:\Users\sonic\AppData\Local\Temp\"/>
<property name="java.library.path" value="C:\Program Files\Java\jdk1.8.0_161\bin;C:\WINDOWS\Sun\Java\bin;C:\WINDOWS\system32;C:\WINDOWS;C:\Users\sonic\bin;C:\Program Files\Git\mingw64\bin;C:\Program Files\Git\usr\local\bin;C:\Program Files\Git\usr\bin;C:\Program Files\Git\usr\bin;C:\Program Files\Git\mingw64\bin;C:\Program Files\Git\usr\bin;C:\Users\sonic\bin;C:\ProgramData\Oracle\Java\javapath;C:\WINDOWS\system32;C:\WINDOWS;C:\WINDOWS\System32\Wbem;C:\WINDOWS\System32\WindowsPowerShell\v1.0;C:\Program Files\Git\cmd;C:\ProgramData\chocolatey\bin;C:\Users\sonic\AppData\Local\Microsoft\WindowsApps;C:\Program Files\Git\usr\bin\vendor_perl;C:\Program Files\Git\usr\bin\core_perl;."/>
<property name="java.runtime.name" value="Java(TM) SE Runtime Environment"/>
<property name="java.runtime.version" value="1.8.0_161-b12"/>
<property name="java.specification.name" value="Java Platform API Specification"/>
<property name="java.specification.vendor" value="Oracle Corporation"/>
<property name="java.specification.version" value="1.8"/>
<property name="java.vendor" value="Oracle Corporation"/>
<property name="java.vendor.url" value="http://java.oracle.com/"/>
<property name="java.vendor.url.bug" value="http://bugreport.sun.com/bugreport/"/>
<property name="java.version" value="1.8.0_161"/>
<property name="java.vm.info" value="mixed mode"/>
<property name="java.vm.name" value="Java HotSpot(TM) 64-Bit Server VM"/>
<property name="java.vm.specification.name" value="Java Virtual Machine Specification"/>
<property name="java.vm.specification.vendor" value="Oracle Corporation"/>
<property name="java.vm.specification.version" value="1.8"/>
<property name="java.vm.vendor" value="Oracle Corporation"/>
<property name="java.vm.version" value="25.161-b12"/>
<property name="line.separator" value="
"/>
<property name="os.arch" value="amd64"/>
<property name="os.name" value="Windows 10"/>
<property name="os.version" value="10.0"/>
<property name="path.separator" value=";"/>
<property name="sun.arch.data.model" value="64"/>
<property name="sun.boot.class.path" value="C:\Program Files\Java\jdk1.8.0_161\jre\lib\resources.jar;C:\Program Files\Java\jdk1.8.0_161\jre\lib\rt.jar;C:\Program Files\Java\jdk1.8.0_161\jre\lib\sunrsasign.jar;C:\Program Files\Java\jdk1.8.0_161\jre\lib\jsse.jar;C:\Program Files\Java\jdk1.8.0_161\jre\lib\jce.jar;C:\Program Files\Java\jdk1.8.0_161\jre\lib\charsets.jar;C:\Program Files\Java\jdk1.8.0_161\jre\lib\jfr.jar;C:\Program Files\Java\jdk1.8.0_161\jre\classes"/>
<property name="sun.boot.library.path" value="C:\Program Files\Java\jdk1.8.0_161\jre\bin"/>
<property name="sun.cpu.endian" value="little"/>
<property name="sun.cpu.isalist" value="amd64"/>
<property name="sun.desktop" value="windows"/>
<property name="sun.io.unicode.encoding" value="UnicodeLittle"/>
<property name="sun.java.command" value="org.junit.platform.console.ConsoleLauncher --details FLAT --scan-class-path C:\Users\sonic\row_reducer\build\classes\java\main;C:\Users\sonic\row_reducer\build\classes\kotlin\main;C:\Users\sonic\row_reducer\build\resources\main;C:\Users\sonic\row_reducer\build\classes\java\test;C:\Users\sonic\row_reducer\build\classes\kotlin\test;C:\Users\sonic\row_reducer\build\resources\test -n ^.*Tests?$ -e spek --reports-dir C:\Users\sonic\row_reducer\build\test-results\junit-platform"/>
<property name="sun.java.launcher" value="SUN_STANDARD"/>
<property name="sun.jnu.encoding" value="Cp1252"/>
<property name="sun.management.compiler" value="HotSpot 64-Bit Tiered Compilers"/>
<property name="sun.os.patch.level" value=""/>
<property name="user.country" value="US"/>
<property name="user.dir" value="C:\Users\sonic\row_reducer"/>
<property name="user.home" value="C:\Users\sonic"/>
<property name="user.language" value="en"/>
<property name="user.name" value="sonic"/>
<property name="user.script" value=""/>
<property name="user.timezone" value="America/New_York"/>
<property name="user.variant" value=""/>
</properties>
<testcase name="it should match" classname="on simplifying the Ratios" time="0">
<system-out><![CDATA[
unique-id: [engine:spek]/[spec:EquivalenceTest]/[group:given Ratios]/[group:on simplifying the Ratios]/[test:it should match]
display-name: it should match
]]></system-out>
</testcase>
<testcase name="it should match" classname="on comparing the Ratios" time="0">
<system-out><![CDATA[
unique-id: [engine:spek]/[spec:EquivalenceTest]/[group:given Ratios]/[group:on comparing the Ratios]/[test:it should match]
display-name: it should match
]]></system-out>
</testcase>
<testcase name="it should should equal a matrix that has added one row times a scalar to another row." classname="given A matrix" time="0">
<system-out><![CDATA[
unique-id: [engine:spek]/[spec:MatrixAddTest]/[group:given A matrix]/[test:it should should equal a matrix that has added one row times a scalar to another row.]
display-name: it should should equal a matrix that has added one row times a scalar to another row.
]]></system-out>
</testcase>
<testcase name="it should should equal the 3x3 identity matrix" classname="given A matrix" time="0">
<system-out><![CDATA[
unique-id: [engine:spek]/[spec:MatrixIdentityTest3]/[group:given A matrix]/[test:it should should equal the 3x3 identity matrix]
display-name: it should should equal the 3x3 identity matrix
]]></system-out>
</testcase>
<testcase name="it should should equal the 4x4 identity matrix" classname="given A matrix" time="0">
<system-out><![CDATA[
unique-id: [engine:spek]/[spec:MatrixIdentityTest4]/[group:given A matrix]/[test:it should should equal the 4x4 identity matrix]
display-name: it should should equal the 4x4 identity matrix
]]></system-out>
</testcase>
<testcase name="it should equal a manually created one" classname="given A matrix parsed from a string" time="0">
<system-out><![CDATA[
unique-id: [engine:spek]/[spec:MatrixParseStringTest]/[group:given A matrix parsed from a string]/[test:it should equal a manually created one]
display-name: it should equal a manually created one
]]></system-out>
</testcase>
<testcase name="it should equal a scaled matrix" classname="given a simple matrix" time="0">
<system-out><![CDATA[
unique-id: [engine:spek]/[spec:MatrixScaleTest]/[group:given a simple matrix]/[test:it should equal a scaled matrix]
display-name: it should equal a scaled matrix
]]></system-out>
</testcase>
<testcase name="it should should be equal to a swapped matrix" classname="given A matrix" time="0">
<system-out><![CDATA[
unique-id: [engine:spek]/[spec:MatrixSwapTest]/[group:given A matrix]/[test:it should should be equal to a swapped matrix]
display-name: it should should be equal to a swapped matrix
]]></system-out>
</testcase>
<testcase name="it should match" classname="on addition" time="0">
<system-out><![CDATA[
unique-id: [engine:spek]/[spec:OperationTest]/[group:given Ratios]/[group:on addition]/[test:it should match]
display-name: it should match
]]></system-out>
</testcase>
<testcase name="it should match" classname="on subtraction" time="0">
<system-out><![CDATA[
unique-id: [engine:spek]/[spec:OperationTest]/[group:given Ratios]/[group:on subtraction]/[test:it should match]
display-name: it should match
]]></system-out>
</testcase>
<testcase name="it should match" classname="on multiplication" time="0">
<system-out><![CDATA[
unique-id: [engine:spek]/[spec:OperationTest]/[group:given Ratios]/[group:on multiplication]/[test:it should match]
display-name: it should match
]]></system-out>
</testcase>
<testcase name="it should match" classname="on division" time="0">
<system-out><![CDATA[
unique-id: [engine:spek]/[spec:OperationTest]/[group:given Ratios]/[group:on division]/[test:it should match]
display-name: it should match
]]></system-out>
</testcase>
<testcase name="it Should match" classname="on toString()" time="0">
<system-out><![CDATA[
unique-id: [engine:spek]/[spec:ToStringTest]/[group:given Ratios]/[group:on toString()]/[test:it Should match]
display-name: it Should match
]]></system-out>
</testcase>
<system-out><![CDATA[
unique-id: [engine:spek]
display-name: Spek
]]></system-out>
</testsuite>
